#! /usr/local/bin/vvp
:ivl_version "13.0 (devel)" "(s20221226-106-g378c812fe)";
:ivl_delay_selection "TYPICAL";
:vpi_time_precision + 0;
:vpi_module "/usr/local/lib/ivl/system.vpi";
:vpi_module "/usr/local/lib/ivl/vhdl_sys.vpi";
:vpi_module "/usr/local/lib/ivl/vhdl_textio.vpi";
:vpi_module "/usr/local/lib/ivl/v2005_math.vpi";
:vpi_module "/usr/local/lib/ivl/va_math.vpi";
S_0x5556eb9ada40 .scope module, "part2c_tb" "part2c_tb" 2 3;
 .timescale 0 0;
v0x5556eb9dd940_0 .var "clk", 0 0;
v0x5556eb9dda00_0 .var "funsel", 1 0;
v0x5556eb9ddaa0_0 .var "i", 7 0;
v0x5556eb9ddb70_0 .net "out_a", 7 0, v0x5556eb9dd350_0;  1 drivers
v0x5556eb9ddc60_0 .var "out_a_sel", 1 0;
v0x5556eb9ddd00_0 .net "out_b", 7 0, v0x5556eb9dd510_0;  1 drivers
v0x5556eb9dddd0_0 .var "out_b_sel", 1 0;
v0x5556eb9ddea0_0 .var "r_sel", 3 0;
v0x5556eb9ddf70_0 .var/i "seed", 31 0;
S_0x5556eb9adbd0 .scope task, "displayHead" "displayHead" 2 22, 2 22 0, S_0x5556eb9ada40;
 .timescale 0 0;
TD_part2c_tb.displayHead ;
    %vpi_call 2 23 "$display", "%8s %6s %6s %6s %6s %6s %6s", "Input", "FunSel", "RSel", "AR", "SP", "PCPrev", "PC" {0 0 0};
    %end;
S_0x5556eb9add60 .scope task, "displayLine" "displayLine" 2 54, 2 54 0, S_0x5556eb9ada40;
 .timescale 0 0;
TD_part2c_tb.displayLine ;
    %vpi_call 2 55 "$display", "--------------------------------------------------" {0 0 0};
    %end;
S_0x5556eb96cd80 .scope task, "showAll" "showAll" 2 58, 2 58 0, S_0x5556eb9ada40;
 .timescale 0 0;
TD_part2c_tb.showAll ;
    %fork TD_part2c_tb.displayLine, S_0x5556eb9add60;
    %join;
    %fork TD_part2c_tb.displayHead, S_0x5556eb9adbd0;
    %join;
    %fork TD_part2c_tb.showRegistersThroughA, S_0x5556eb96cf60;
    %join;
    %fork TD_part2c_tb.showRegistersThroughB, S_0x5556eb9a7340;
    %join;
    %end;
S_0x5556eb96cf60 .scope task, "showRegistersThroughA" "showRegistersThroughA" 2 26, 2 26 0, S_0x5556eb9ada40;
 .timescale 0 0;
TD_part2c_tb.showRegistersThroughA ;
    %vpi_call 2 28 "$write", "A:%6h %6b %6b ", v0x5556eb9ddaa0_0, v0x5556eb9dda00_0, v0x5556eb9ddea0_0 {0 0 0};
    %pushi/vec4 0, 0, 4;
    %store/vec4 v0x5556eb9ddea0_0, 0, 4;
    %pushi/vec4 0, 0, 2;
    %store/vec4 v0x5556eb9ddc60_0, 0, 2;
    %pushi/vec4 4, 0, 32;
T_3.0 %dup/vec4;
    %pushi/vec4 0, 0, 32;
    %cmp/s;
    %jmp/1xz T_3.1, 5;
    %jmp/1 T_3.1, 4;
    %pushi/vec4 1, 0, 32;
    %sub;
    %delay 10, 0;
    %vpi_call 2 33 "$write", "%6h ", v0x5556eb9ddb70_0 {0 0 0};
    %load/vec4 v0x5556eb9ddc60_0;
    %addi 1, 0, 2;
    %store/vec4 v0x5556eb9ddc60_0, 0, 2;
    %jmp T_3.0;
T_3.1 ;
    %pop/vec4 1;
    %vpi_call 2 36 "$display" {0 0 0};
    %end;
S_0x5556eb9a7340 .scope task, "showRegistersThroughB" "showRegistersThroughB" 2 40, 2 40 0, S_0x5556eb9ada40;
 .timescale 0 0;
TD_part2c_tb.showRegistersThroughB ;
    %vpi_call 2 42 "$write", "B:%6h %6b %6b ", v0x5556eb9ddaa0_0, v0x5556eb9dda00_0, v0x5556eb9ddea0_0 {0 0 0};
    %pushi/vec4 0, 0, 4;
    %store/vec4 v0x5556eb9ddea0_0, 0, 4;
    %pushi/vec4 0, 0, 2;
    %store/vec4 v0x5556eb9dddd0_0, 0, 2;
    %pushi/vec4 4, 0, 32;
T_4.2 %dup/vec4;
    %pushi/vec4 0, 0, 32;
    %cmp/s;
    %jmp/1xz T_4.3, 5;
    %jmp/1 T_4.3, 4;
    %pushi/vec4 1, 0, 32;
    %sub;
    %delay 10, 0;
    %vpi_call 2 47 "$write", "%6h ", v0x5556eb9ddd00_0 {0 0 0};
    %load/vec4 v0x5556eb9dddd0_0;
    %addi 1, 0, 2;
    %store/vec4 v0x5556eb9dddd0_0, 0, 2;
    %jmp T_4.2;
T_4.3 ;
    %pop/vec4 1;
    %vpi_call 2 50 "$display" {0 0 0};
    %end;
S_0x5556eb9a7570 .scope module, "uut" "ARF" 2 11, 3 3 0, S_0x5556eb9ada40;
 .timescale 0 0;
    .port_info 0 /INPUT 1 "clk";
    .port_info 1 /INPUT 8 "i";
    .port_info 2 /INPUT 2 "out_b_sel";
    .port_info 3 /INPUT 2 "out_a_sel";
    .port_info 4 /INPUT 2 "funsel";
    .port_info 5 /INPUT 4 "r_sel";
    .port_info 6 /OUTPUT 8 "out_a";
    .port_info 7 /OUTPUT 8 "out_b";
L_0x5556eb9de6d0 .functor BUFZ 4, v0x5556eb9ddea0_0, C4<0000>, C4<0000>, C4<0000>;
v0x5556eb9dcf00_0 .net *"_ivl_6", 3 0, L_0x5556eb9de6d0;  1 drivers
v0x5556eb9dd000_0 .net "clk", 0 0, v0x5556eb9dd940_0;  1 drivers
v0x5556eb9dd0c0_0 .var "dclk", 0 0;
v0x5556eb9dd160_0 .net "funsel", 1 0, v0x5556eb9dda00_0;  1 drivers
v0x5556eb9dd200_0 .net "i", 7 0, v0x5556eb9ddaa0_0;  1 drivers
v0x5556eb9dd350_0 .var "out_a", 7 0;
v0x5556eb9dd430_0 .net "out_a_sel", 1 0, v0x5556eb9ddc60_0;  1 drivers
v0x5556eb9dd510_0 .var "out_b", 7 0;
v0x5556eb9dd5f0_0 .net "out_b_sel", 1 0, v0x5556eb9dddd0_0;  1 drivers
v0x5556eb9dd760_0 .net "r_sel", 3 0, v0x5556eb9ddea0_0;  1 drivers
E_0x5556eb9a9460 .event posedge, v0x5556eb9dd000_0;
L_0x5556eb9de2d0 .part L_0x5556eb9de6d0, 3, 1;
L_0x5556eb9de3d0 .part L_0x5556eb9de6d0, 2, 1;
L_0x5556eb9de4a0 .part L_0x5556eb9de6d0, 1, 1;
L_0x5556eb9de540 .part L_0x5556eb9de6d0, 0, 1;
S_0x5556eb9bbc70 .scope module, "AR" "register" 3 22, 4 1 0, S_0x5556eb9a7570;
 .timescale 0 0;
    .port_info 0 /INPUT 1 "clk";
    .port_info 1 /INPUT 2 "funsel";
    .port_info 2 /INPUT 1 "e";
    .port_info 3 /INPUT 8 "i";
    .port_info 4 /OUTPUT 8 "q";
P_0x5556eb96d8a0 .param/l "NBits" 0 4 2, +C4<00000000000000000000000000001000>;
L_0x5556eb99ef70 .functor BUFZ 8, v0x5556eb99f0c0_0, C4<00000000>, C4<00000000>, C4<00000000>;
v0x5556eb99e0a0_0 .net "clk", 0 0, v0x5556eb9dd0c0_0;  1 drivers
v0x5556eb99f0c0_0 .var "data", 7 0;
v0x5556eb999a50_0 .net "e", 0 0, L_0x5556eb9de2d0;  1 drivers
v0x5556eb9db1e0_0 .net "funsel", 1 0, v0x5556eb9dda00_0;  alias, 1 drivers
v0x5556eb9db2c0_0 .net "i", 7 0, v0x5556eb9ddaa0_0;  alias, 1 drivers
v0x5556eb9db3f0_0 .net "q", 7 0, L_0x5556eb99ef70;  1 drivers
E_0x5556eb9a8740 .event posedge, v0x5556eb99e0a0_0;
S_0x5556eb9db570 .scope module, "PC" "register" 3 16, 4 1 0, S_0x5556eb9a7570;
 .timescale 0 0;
    .port_info 0 /INPUT 1 "clk";
    .port_info 1 /INPUT 2 "funsel";
    .port_info 2 /INPUT 1 "e";
    .port_info 3 /INPUT 8 "i";
    .port_info 4 /OUTPUT 8 "q";
P_0x5556eb9db770 .param/l "NBits" 0 4 2, +C4<00000000000000000000000000001000>;
L_0x5556eb999cd0 .functor BUFZ 8, v0x5556eb9db8b0_0, C4<00000000>, C4<00000000>, C4<00000000>;
v0x5556eb9db810_0 .net "clk", 0 0, v0x5556eb9dd0c0_0;  alias, 1 drivers
v0x5556eb9db8b0_0 .var "data", 7 0;
v0x5556eb9db970_0 .net "e", 0 0, L_0x5556eb9de540;  1 drivers
v0x5556eb9dba40_0 .net "funsel", 1 0, v0x5556eb9dda00_0;  alias, 1 drivers
v0x5556eb9dbb30_0 .net "i", 7 0, v0x5556eb9ddaa0_0;  alias, 1 drivers
v0x5556eb9dbc20_0 .net "q", 7 0, L_0x5556eb999cd0;  1 drivers
S_0x5556eb9dbdb0 .scope module, "PC_past" "register" 3 34, 4 1 0, S_0x5556eb9a7570;
 .timescale 0 0;
    .port_info 0 /INPUT 1 "clk";
    .port_info 1 /INPUT 2 "funsel";
    .port_info 2 /INPUT 1 "e";
    .port_info 3 /INPUT 8 "i";
    .port_info 4 /OUTPUT 8 "q";
P_0x5556eb9dbf90 .param/l "NBits" 0 4 2, +C4<00000000000000000000000000001000>;
L_0x5556eb9de200 .functor BUFZ 8, v0x5556eb9dc180_0, C4<00000000>, C4<00000000>, C4<00000000>;
v0x5556eb9dc090_0 .net "clk", 0 0, v0x5556eb9dd0c0_0;  alias, 1 drivers
v0x5556eb9dc180_0 .var "data", 7 0;
v0x5556eb9dc260_0 .net "e", 0 0, L_0x5556eb9de4a0;  1 drivers
v0x5556eb9dc300_0 .net "funsel", 1 0, v0x5556eb9dda00_0;  alias, 1 drivers
v0x5556eb9dc410_0 .net "i", 7 0, v0x5556eb9ddaa0_0;  alias, 1 drivers
v0x5556eb9dc570_0 .net "q", 7 0, L_0x5556eb9de200;  1 drivers
S_0x5556eb9dc6f0 .scope module, "SP" "register" 3 28, 4 1 0, S_0x5556eb9a7570;
 .timescale 0 0;
    .port_info 0 /INPUT 1 "clk";
    .port_info 1 /INPUT 2 "funsel";
    .port_info 2 /INPUT 1 "e";
    .port_info 3 /INPUT 8 "i";
    .port_info 4 /OUTPUT 8 "q";
P_0x5556eb9dc8d0 .param/l "NBits" 0 4 2, +C4<00000000000000000000000000001000>;
L_0x5556eb999d40 .functor BUFZ 8, v0x5556eb9dca30_0, C4<00000000>, C4<00000000>, C4<00000000>;
v0x5556eb9dc970_0 .net "clk", 0 0, v0x5556eb9dd0c0_0;  alias, 1 drivers
v0x5556eb9dca30_0 .var "data", 7 0;
v0x5556eb9dcb10_0 .net "e", 0 0, L_0x5556eb9de3d0;  1 drivers
v0x5556eb9dcbb0_0 .net "funsel", 1 0, v0x5556eb9dda00_0;  alias, 1 drivers
v0x5556eb9dcc70_0 .net "i", 7 0, v0x5556eb9ddaa0_0;  alias, 1 drivers
v0x5556eb9dcd80_0 .net "q", 7 0, L_0x5556eb999d40;  1 drivers
    .scope S_0x5556eb9db570;
T_5 ;
    %wait E_0x5556eb9a8740;
    %load/vec4 v0x5556eb9db970_0;
    %flag_set/vec4 8;
    %jmp/0xz  T_5.0, 8;
    %load/vec4 v0x5556eb9dba40_0;
    %dup/vec4;
    %pushi/vec4 0, 0, 2;
    %cmp/u;
    %jmp/1 T_5.2, 6;
    %dup/vec4;
    %pushi/vec4 1, 0, 2;
    %cmp/u;
    %jmp/1 T_5.3, 6;
    %dup/vec4;
    %pushi/vec4 2, 0, 2;
    %cmp/u;
    %jmp/1 T_5.4, 6;
    %dup/vec4;
    %pushi/vec4 3, 0, 2;
    %cmp/u;
    %jmp/1 T_5.5, 6;
    %jmp T_5.6;
T_5.2 ;
    %pushi/vec4 0, 0, 8;
    %store/vec4 v0x5556eb9db8b0_0, 0, 8;
    %jmp T_5.6;
T_5.3 ;
    %load/vec4 v0x5556eb9dbb30_0;
    %store/vec4 v0x5556eb9db8b0_0, 0, 8;
    %jmp T_5.6;
T_5.4 ;
    %load/vec4 v0x5556eb9db8b0_0;
    %subi 1, 0, 8;
    %store/vec4 v0x5556eb9db8b0_0, 0, 8;
    %jmp T_5.6;
T_5.5 ;
    %load/vec4 v0x5556eb9db8b0_0;
    %addi 1, 0, 8;
    %store/vec4 v0x5556eb9db8b0_0, 0, 8;
    %jmp T_5.6;
T_5.6 ;
    %pop/vec4 1;
T_5.0 ;
    %jmp T_5;
    .thread T_5;
    .scope S_0x5556eb9bbc70;
T_6 ;
    %wait E_0x5556eb9a8740;
    %load/vec4 v0x5556eb999a50_0;
    %flag_set/vec4 8;
    %jmp/0xz  T_6.0, 8;
    %load/vec4 v0x5556eb9db1e0_0;
    %dup/vec4;
    %pushi/vec4 0, 0, 2;
    %cmp/u;
    %jmp/1 T_6.2, 6;
    %dup/vec4;
    %pushi/vec4 1, 0, 2;
    %cmp/u;
    %jmp/1 T_6.3, 6;
    %dup/vec4;
    %pushi/vec4 2, 0, 2;
    %cmp/u;
    %jmp/1 T_6.4, 6;
    %dup/vec4;
    %pushi/vec4 3, 0, 2;
    %cmp/u;
    %jmp/1 T_6.5, 6;
    %jmp T_6.6;
T_6.2 ;
    %pushi/vec4 0, 0, 8;
    %store/vec4 v0x5556eb99f0c0_0, 0, 8;
    %jmp T_6.6;
T_6.3 ;
    %load/vec4 v0x5556eb9db2c0_0;
    %store/vec4 v0x5556eb99f0c0_0, 0, 8;
    %jmp T_6.6;
T_6.4 ;
    %load/vec4 v0x5556eb99f0c0_0;
    %subi 1, 0, 8;
    %store/vec4 v0x5556eb99f0c0_0, 0, 8;
    %jmp T_6.6;
T_6.5 ;
    %load/vec4 v0x5556eb99f0c0_0;
    %addi 1, 0, 8;
    %store/vec4 v0x5556eb99f0c0_0, 0, 8;
    %jmp T_6.6;
T_6.6 ;
    %pop/vec4 1;
T_6.0 ;
    %jmp T_6;
    .thread T_6;
    .scope S_0x5556eb9dc6f0;
T_7 ;
    %wait E_0x5556eb9a8740;
    %load/vec4 v0x5556eb9dcb10_0;
    %flag_set/vec4 8;
    %jmp/0xz  T_7.0, 8;
    %load/vec4 v0x5556eb9dcbb0_0;
    %dup/vec4;
    %pushi/vec4 0, 0, 2;
    %cmp/u;
    %jmp/1 T_7.2, 6;
    %dup/vec4;
    %pushi/vec4 1, 0, 2;
    %cmp/u;
    %jmp/1 T_7.3, 6;
    %dup/vec4;
    %pushi/vec4 2, 0, 2;
    %cmp/u;
    %jmp/1 T_7.4, 6;
    %dup/vec4;
    %pushi/vec4 3, 0, 2;
    %cmp/u;
    %jmp/1 T_7.5, 6;
    %jmp T_7.6;
T_7.2 ;
    %pushi/vec4 0, 0, 8;
    %store/vec4 v0x5556eb9dca30_0, 0, 8;
    %jmp T_7.6;
T_7.3 ;
    %load/vec4 v0x5556eb9dcc70_0;
    %store/vec4 v0x5556eb9dca30_0, 0, 8;
    %jmp T_7.6;
T_7.4 ;
    %load/vec4 v0x5556eb9dca30_0;
    %subi 1, 0, 8;
    %store/vec4 v0x5556eb9dca30_0, 0, 8;
    %jmp T_7.6;
T_7.5 ;
    %load/vec4 v0x5556eb9dca30_0;
    %addi 1, 0, 8;
    %store/vec4 v0x5556eb9dca30_0, 0, 8;
    %jmp T_7.6;
T_7.6 ;
    %pop/vec4 1;
T_7.0 ;
    %jmp T_7;
    .thread T_7;
    .scope S_0x5556eb9dbdb0;
T_8 ;
    %wait E_0x5556eb9a8740;
    %load/vec4 v0x5556eb9dc260_0;
    %flag_set/vec4 8;
    %jmp/0xz  T_8.0, 8;
    %load/vec4 v0x5556eb9dc300_0;
    %dup/vec4;
    %pushi/vec4 0, 0, 2;
    %cmp/u;
    %jmp/1 T_8.2, 6;
    %dup/vec4;
    %pushi/vec4 1, 0, 2;
    %cmp/u;
    %jmp/1 T_8.3, 6;
    %dup/vec4;
    %pushi/vec4 2, 0, 2;
    %cmp/u;
    %jmp/1 T_8.4, 6;
    %dup/vec4;
    %pushi/vec4 3, 0, 2;
    %cmp/u;
    %jmp/1 T_8.5, 6;
    %jmp T_8.6;
T_8.2 ;
    %pushi/vec4 0, 0, 8;
    %store/vec4 v0x5556eb9dc180_0, 0, 8;
    %jmp T_8.6;
T_8.3 ;
    %load/vec4 v0x5556eb9dc410_0;
    %store/vec4 v0x5556eb9dc180_0, 0, 8;
    %jmp T_8.6;
T_8.4 ;
    %load/vec4 v0x5556eb9dc180_0;
    %subi 1, 0, 8;
    %store/vec4 v0x5556eb9dc180_0, 0, 8;
    %jmp T_8.6;
T_8.5 ;
    %load/vec4 v0x5556eb9dc180_0;
    %addi 1, 0, 8;
    %store/vec4 v0x5556eb9dc180_0, 0, 8;
    %jmp T_8.6;
T_8.6 ;
    %pop/vec4 1;
T_8.0 ;
    %jmp T_8;
    .thread T_8;
    .scope S_0x5556eb9a7570;
T_9 ;
    %wait E_0x5556eb9a9460;
    %pushi/vec4 0, 0, 1;
    %store/vec4 v0x5556eb9dd0c0_0, 0, 1;
    %load/vec4 v0x5556eb9dd430_0;
    %dup/vec4;
    %pushi/vec4 0, 0, 2;
    %cmp/u;
    %jmp/1 T_9.0, 6;
    %dup/vec4;
    %pushi/vec4 1, 0, 2;
    %cmp/u;
    %jmp/1 T_9.1, 6;
    %dup/vec4;
    %pushi/vec4 2, 0, 2;
    %cmp/u;
    %jmp/1 T_9.2, 6;
    %dup/vec4;
    %pushi/vec4 3, 0, 2;
    %cmp/u;
    %jmp/1 T_9.3, 6;
    %jmp T_9.4;
T_9.0 ;
    %load/vec4 v0x5556eb9db3f0_0;
    %store/vec4 v0x5556eb9dd350_0, 0, 8;
    %jmp T_9.4;
T_9.1 ;
    %load/vec4 v0x5556eb9dcd80_0;
    %store/vec4 v0x5556eb9dd350_0, 0, 8;
    %jmp T_9.4;
T_9.2 ;
    %load/vec4 v0x5556eb9dc570_0;
    %store/vec4 v0x5556eb9dd350_0, 0, 8;
    %jmp T_9.4;
T_9.3 ;
    %load/vec4 v0x5556eb9dbc20_0;
    %store/vec4 v0x5556eb9dd350_0, 0, 8;
    %jmp T_9.4;
T_9.4 ;
    %pop/vec4 1;
    %load/vec4 v0x5556eb9dd5f0_0;
    %dup/vec4;
    %pushi/vec4 0, 0, 2;
    %cmp/u;
    %jmp/1 T_9.5, 6;
    %dup/vec4;
    %pushi/vec4 1, 0, 2;
    %cmp/u;
    %jmp/1 T_9.6, 6;
    %dup/vec4;
    %pushi/vec4 2, 0, 2;
    %cmp/u;
    %jmp/1 T_9.7, 6;
    %dup/vec4;
    %pushi/vec4 3, 0, 2;
    %cmp/u;
    %jmp/1 T_9.8, 6;
    %jmp T_9.9;
T_9.5 ;
    %load/vec4 v0x5556eb9db3f0_0;
    %store/vec4 v0x5556eb9dd510_0, 0, 8;
    %jmp T_9.9;
T_9.6 ;
    %load/vec4 v0x5556eb9dcd80_0;
    %store/vec4 v0x5556eb9dd510_0, 0, 8;
    %jmp T_9.9;
T_9.7 ;
    %load/vec4 v0x5556eb9dc570_0;
    %store/vec4 v0x5556eb9dd510_0, 0, 8;
    %jmp T_9.9;
T_9.8 ;
    %load/vec4 v0x5556eb9dbc20_0;
    %store/vec4 v0x5556eb9dd510_0, 0, 8;
    %jmp T_9.9;
T_9.9 ;
    %pop/vec4 1;
    %delay 1, 0;
    %pushi/vec4 1, 0, 1;
    %store/vec4 v0x5556eb9dd0c0_0, 0, 1;
    %jmp T_9;
    .thread T_9;
    .scope S_0x5556eb9ada40;
T_10 ;
    %pushi/vec4 315001, 0, 32;
    %store/vec4 v0x5556eb9ddf70_0, 0, 32;
    %end;
    .thread T_10;
    .scope S_0x5556eb9ada40;
T_11 ;
    %delay 5, 0;
    %load/vec4 v0x5556eb9dd940_0;
    %inv;
    %store/vec4 v0x5556eb9dd940_0, 0, 1;
    %jmp T_11;
    .thread T_11;
    .scope S_0x5556eb9ada40;
T_12 ;
    %vpi_call 2 70 "$dumpvars" {0 0 0};
    %vpi_call 2 71 "$display", "Testing adress register file (ARF)" {0 0 0};
    %pushi/vec4 0, 0, 1;
    %store/vec4 v0x5556eb9dd940_0, 0, 1;
    %vpi_call 2 74 "$display", "\012Clear test" {0 0 0};
    %pushi/vec4 0, 0, 2;
    %store/vec4 v0x5556eb9dda00_0, 0, 2;
    %pushi/vec4 15, 0, 4;
    %store/vec4 v0x5556eb9ddea0_0, 0, 4;
    %delay 10, 0;
    %fork TD_part2c_tb.showAll, S_0x5556eb96cd80;
    %join;
    %vpi_call 2 80 "$display", "\012Load with random numbers test:" {0 0 0};
    %pushi/vec4 1, 0, 2;
    %store/vec4 v0x5556eb9dda00_0, 0, 2;
    %pushi/vec4 8, 0, 4;
    %store/vec4 v0x5556eb9ddea0_0, 0, 4;
    %vpi_func 2 83 "$urandom" 32, v0x5556eb9ddf70_0 {0 0 0};
    %pushi/vec4 256, 0, 32;
    %mod;
    %pad/u 8;
    %store/vec4 v0x5556eb9ddaa0_0, 0, 8;
    %delay 10, 0;
    %fork TD_part2c_tb.showAll, S_0x5556eb96cd80;
    %join;
    %pushi/vec4 4, 0, 4;
    %store/vec4 v0x5556eb9ddea0_0, 0, 4;
    %vpi_func 2 86 "$urandom" 32, v0x5556eb9ddf70_0 {0 0 0};
    %pushi/vec4 256, 0, 32;
    %mod;
    %pad/u 8;
    %store/vec4 v0x5556eb9ddaa0_0, 0, 8;
    %delay 10, 0;
    %fork TD_part2c_tb.showAll, S_0x5556eb96cd80;
    %join;
    %pushi/vec4 2, 0, 4;
    %store/vec4 v0x5556eb9ddea0_0, 0, 4;
    %vpi_func 2 89 "$urandom" 32, v0x5556eb9ddf70_0 {0 0 0};
    %pushi/vec4 256, 0, 32;
    %mod;
    %pad/u 8;
    %store/vec4 v0x5556eb9ddaa0_0, 0, 8;
    %delay 10, 0;
    %fork TD_part2c_tb.showAll, S_0x5556eb96cd80;
    %join;
    %pushi/vec4 1, 0, 4;
    %store/vec4 v0x5556eb9ddea0_0, 0, 4;
    %vpi_func 2 92 "$urandom" 32, v0x5556eb9ddf70_0 {0 0 0};
    %pushi/vec4 256, 0, 32;
    %mod;
    %pad/u 8;
    %store/vec4 v0x5556eb9ddaa0_0, 0, 8;
    %delay 10, 0;
    %fork TD_part2c_tb.showAll, S_0x5556eb96cd80;
    %join;
    %vpi_call 2 95 "$display", "\012Increment with random numbers test:" {0 0 0};
    %fork TD_part2c_tb.displayLine, S_0x5556eb9add60;
    %join;
    %pushi/vec4 3, 0, 2;
    %store/vec4 v0x5556eb9dda00_0, 0, 2;
    %fork TD_part2c_tb.displayHead, S_0x5556eb9adbd0;
    %join;
    %pushi/vec4 15, 0, 32;
T_12.0 %dup/vec4;
    %pushi/vec4 0, 0, 32;
    %cmp/s;
    %jmp/1xz T_12.1, 5;
    %jmp/1 T_12.1, 4;
    %pushi/vec4 1, 0, 32;
    %sub;
    %vpi_func 2 100 "$urandom" 32, v0x5556eb9ddf70_0 {0 0 0};
    %pushi/vec4 64, 0, 32;
    %mod;
    %pad/u 4;
    %store/vec4 v0x5556eb9ddea0_0, 0, 4;
    %delay 10, 0;
    %fork TD_part2c_tb.showRegistersThroughA, S_0x5556eb96cf60;
    %join;
    %jmp T_12.0;
T_12.1 ;
    %pop/vec4 1;
    %vpi_call 2 104 "$display", "\012Decrement with random numbers test:" {0 0 0};
    %fork TD_part2c_tb.displayLine, S_0x5556eb9add60;
    %join;
    %pushi/vec4 2, 0, 2;
    %store/vec4 v0x5556eb9dda00_0, 0, 2;
    %fork TD_part2c_tb.displayHead, S_0x5556eb9adbd0;
    %join;
    %pushi/vec4 15, 0, 32;
T_12.2 %dup/vec4;
    %pushi/vec4 0, 0, 32;
    %cmp/s;
    %jmp/1xz T_12.3, 5;
    %jmp/1 T_12.3, 4;
    %pushi/vec4 1, 0, 32;
    %sub;
    %vpi_func 2 109 "$urandom" 32, v0x5556eb9ddf70_0 {0 0 0};
    %pushi/vec4 64, 0, 32;
    %mod;
    %pad/u 4;
    %store/vec4 v0x5556eb9ddea0_0, 0, 4;
    %delay 10, 0;
    %fork TD_part2c_tb.showRegistersThroughB, S_0x5556eb9a7340;
    %join;
    %jmp T_12.2;
T_12.3 ;
    %pop/vec4 1;
    %vpi_call 2 113 "$finish" {0 0 0};
    %end;
    .thread T_12;
# The file index is used to find the file name in the following table.
:file_names 5;
    "N/A";
    "<interactive>";
    "part2c_tb.v";
    "./part2c.v";
    "./part1.v";
